# JRE version: OpenJDK Runtime Environment (8.0_242-b08) (build 1.8.0_242-b08)
# Java VM: OpenJDK 64-Bit Server VM (25.242-b08 mixed mode windows-amd64 compressed oops)
Heap:
 PSYoungGen      total 1603584K, used 35289K [0x0000000718580000, 0x000000078f800000, 0x00000007c0000000)
  eden space 1332736K, 2% used [0x0000000718580000,0x000000071a7f6540,0x0000000769b00000)
  from space 270848K, 0% used [0x000000077ef80000,0x000000077ef80000,0x000000078f800000)
  to   space 309760K, 0% used [0x0000000769b00000,0x0000000769b00000,0x000000077c980000)
 ParOldGen       total 2747392K, used 1476642K [0x00000005c9000000, 0x0000000670b00000, 0x0000000718580000)
  object space 2747392K, 53% used [0x00000005c9000000,0x0000000623208b58,0x0000000670b00000)
 Metaspace       used 35057K, capacity 36634K, committed 36904K, reserved 1081344K
  class space    used 3858K, capacity 4370K, committed 4392K, reserved 1048576K
GC Heap History (10 events):
Event: 131.422 GC heap before
{Heap before GC invocations=32 (full 1):
 PSYoungGen      total 1603584K, used 1352224K [0x0000000718580000, 0x000000078f800000, 0x00000007c0000000)
  eden space 1332736K, 100% used [0x0000000718580000,0x0000000769b00000,0x0000000769b00000)
  from space 270848K, 7% used [0x000000077ef80000,0x0000000780288000,0x000000078f800000)
  to   space 309760K, 0% used [0x0000000769b00000,0x0000000769b00000,0x000000077c980000)
 ParOldGen       total 2747392K, used 1266807K [0x00000005c9000000, 0x0000000670b00000, 0x0000000718580000)
  object space 2747392K, 46% used [0x00000005c9000000,0x000000061651df78,0x0000000670b00000)
 Metaspace       used 27434K, capacity 28486K, committed 28720K, reserved 1075200K
  class space    used 3098K, capacity 3512K, committed 3632K, reserved 1048576K
Event: 131.533 GC heap after
Heap after GC invocations=32 (full 1):
 PSYoungGen      total 1642496K, used 71194K [0x0000000718580000, 0x000000078f800000, 0x00000007c0000000)
  eden space 1332736K, 0% used [0x0000000718580000,0x0000000718580000,0x0000000769b00000)
  from space 309760K, 22% used [0x0000000769b00000,0x000000076e086a48,0x000000077c980000)
  to   space 270848K, 0% used [0x000000077ef80000,0x000000077ef80000,0x000000078f800000)
 ParOldGen       total 2747392K, used 1285687K [0x00000005c9000000, 0x0000000670b00000, 0x0000000718580000)
  object space 2747392K, 46% used [0x00000005c9000000,0x000000061778dd38,0x0000000670b00000)
 Metaspace       used 27434K, capacity 28486K, committed 28720K, reserved 1075200K
  class space    used 3098K, capacity 3512K, committed 3632K, reserved 1048576K
}
Event: 134.551 GC heap before
{Heap before GC invocations=33 (full 1):
 PSYoungGen      total 1642496K, used 1403930K [0x0000000718580000, 0x000000078f800000, 0x00000007c0000000)
  eden space 1332736K, 100% used [0x0000000718580000,0x0000000769b00000,0x0000000769b00000)
  from space 309760K, 22% used [0x0000000769b00000,0x000000076e086a48,0x000000077c980000)
  to   space 270848K, 0% used [0x000000077ef80000,0x000000077ef80000,0x000000078f800000)
 ParOldGen       total 2747392K, used 1285687K [0x00000005c9000000, 0x0000000670b00000, 0x0000000718580000)
  object space 2747392K, 46% used [0x00000005c9000000,0x000000061778dd38,0x0000000670b00000)
 Metaspace       used 27464K, capacity 28486K, committed 28720K, reserved 1075200K
  class space    used 3098K, capacity 3512K, committed 3632K, reserved 1048576K
Event: 134.804 GC heap after
Heap after GC invocations=33 (full 1):
 PSYoungGen      total 1603584K, used 267810K [0x0000000718580000, 0x000000078f800000, 0x00000007c0000000)
  eden space 1332736K, 0% used [0x0000000718580000,0x0000000718580000,0x0000000769b00000)
  from space 270848K, 98% used [0x000000077ef80000,0x000000078f508b68,0x000000078f800000)
  to   space 309760K, 0% used [0x0000000769b00000,0x0000000769b00000,0x000000077c980000)
 ParOldGen       total 2747392K, used 1356630K [0x00000005c9000000, 0x0000000670b00000, 0x0000000718580000)
  object space 2747392K, 49% used [0x00000005c9000000,0x000000061bcd5b98,0x0000000670b00000)
 Metaspace       used 27464K, capacity 28486K, committed 28720K, reserved 1075200K
  class space    used 3098K, capacity 3512K, committed 3632K, reserved 1048576K
}
Event: 138.681 GC heap before
{Heap before GC invocations=34 (full 1):
 PSYoungGen      total 1603584K, used 1600546K [0x0000000718580000, 0x000000078f800000, 0x00000007c0000000)
  eden space 1332736K, 100% used [0x0000000718580000,0x0000000769b00000,0x0000000769b00000)
  from space 270848K, 98% used [0x000000077ef80000,0x000000078f508b68,0x000000078f800000)
  to   space 309760K, 0% used [0x0000000769b00000,0x0000000769b00000,0x000000077c980000)
 ParOldGen       total 2747392K, used 1356630K [0x00000005c9000000, 0x0000000670b00000, 0x0000000718580000)
  object space 2747392K, 49% used [0x00000005c9000000,0x000000061bcd5b98,0x0000000670b00000)
 Metaspace       used 33066K, capacity 34242K, committed 34352K, reserved 1079296K
  class space    used 3631K, capacity 4068K, committed 4144K, reserved 1048576K
Event: 139.351 GC heap after
Heap after GC invocations=34 (full 1):
 PSYoungGen      total 1642496K, used 281859K [0x0000000718580000, 0x000000078f800000, 0x00000007c0000000)
  eden space 1332736K, 0% used [0x0000000718580000,0x0000000718580000,0x0000000769b00000)
  from space 309760K, 90% used [0x0000000769b00000,0x000000077ae40eb0,0x000000077c980000)
  to   space 270848K, 0% used [0x000000077ef80000,0x000000077ef80000,0x000000078f800000)
 ParOldGen       total 2747392K, used 1696715K [0x00000005c9000000, 0x0000000670b00000, 0x0000000718580000)
  object space 2747392K, 61% used [0x00000005c9000000,0x00000006308f2f18,0x0000000670b00000)
 Metaspace       used 33066K, capacity 34242K, committed 34352K, reserved 1079296K
  class space    used 3631K, capacity 4068K, committed 4144K, reserved 1048576K
}
Event: 145.139 GC heap before
{Heap before GC invocations=35 (full 1):
 PSYoungGen      total 1642496K, used 1560892K [0x0000000718580000, 0x000000078f800000, 0x00000007c0000000)
  eden space 1332736K, 95% used [0x0000000718580000,0x000000076668e398,0x0000000769b00000)
  from space 309760K, 90% used [0x0000000769b00000,0x000000077ae40eb0,0x000000077c980000)
  to   space 270848K, 0% used [0x000000077ef80000,0x000000077ef80000,0x000000078f800000)
 ParOldGen       total 2747392K, used 1696715K [0x00000005c9000000, 0x0000000670b00000, 0x0000000718580000)
  object space 2747392K, 61% used [0x00000005c9000000,0x00000006308f2f18,0x0000000670b00000)
 Metaspace       used 34060K, capacity 35426K, committed 35496K, reserved 1081344K
  class space    used 3725K, capacity 4204K, committed 4264K, reserved 1048576K
Event: 145.454 GC heap after
Heap after GC invocations=35 (full 1):
 PSYoungGen      total 1603584K, used 148808K [0x0000000718580000, 0x000000078f800000, 0x00000007c0000000)
  eden space 1332736K, 0% used [0x0000000718580000,0x0000000718580000,0x0000000769b00000)
  from space 270848K, 54% used [0x000000077ef80000,0x00000007880d2040,0x000000078f800000)
  to   space 309760K, 0% used [0x0000000769b00000,0x0000000769b00000,0x000000077c980000)
 ParOldGen       total 2747392K, used 1963481K [0x00000005c9000000, 0x0000000670b00000, 0x0000000718580000)
  object space 2747392K, 71% used [0x00000005c9000000,0x0000000640d76598,0x0000000670b00000)
 Metaspace       used 34060K, capacity 35426K, committed 35496K, reserved 1081344K
  class space    used 3725K, capacity 4204K, committed 4264K, reserved 1048576K
}
Event: 145.455 GC heap before
{Heap before GC invocations=36 (full 2):
 PSYoungGen      total 1603584K, used 148808K [0x0000000718580000, 0x000000078f800000, 0x00000007c0000000)
  eden space 1332736K, 0% used [0x0000000718580000,0x0000000718580000,0x0000000769b00000)
  from space 270848K, 54% used [0x000000077ef80000,0x00000007880d2040,0x000000078f800000)
  to   space 309760K, 0% used [0x0000000769b00000,0x0000000769b00000,0x000000077c980000)
 ParOldGen       total 2747392K, used 1963481K [0x00000005c9000000, 0x0000000670b00000, 0x0000000718580000)
  object space 2747392K, 71% used [0x00000005c9000000,0x0000000640d76598,0x0000000670b00000)
 Metaspace       used 34060K, capacity 35426K, committed 35496K, reserved 1081344K
  class space    used 3725K, capacity 4204K, committed 4264K, reserved 1048576K
Event: 148.854 GC heap after
Heap after GC invocations=36 (full 2):
 PSYoungGen      total 1603584K, used 0K [0x0000000718580000, 0x000000078f800000, 0x00000007c0000000)
  eden space 1332736K, 0% used [0x0000000718580000,0x0000000718580000,0x0000000769b00000)
  from space 270848K, 0% used [0x000000077ef80000,0x000000077ef80000,0x000000078f800000)
  to   space 309760K, 0% used [0x0000000769b00000,0x0000000769b00000,0x000000077c980000)
 ParOldGen       total 2747392K, used 1476642K [0x00000005c9000000, 0x0000000670b00000, 0x0000000718580000)
  object space 2747392K, 53% used [0x00000005c9000000,0x0000000623208b58,0x0000000670b00000)
 Metaspace       used 34031K, capacity 35386K, committed 35496K, reserved 1081344K
  class space    used 3723K, capacity 4196K, committed 4264K, reserved 1048576K
}

