# JRE version: OpenJDK Runtime Environment (8.0_242-b08) (build 1.8.0_242-b08)
# Java VM: OpenJDK 64-Bit Server VM (25.242-b08 mixed mode windows-amd64 compressed oops)
Heap:
 PSYoungGen      total 252928K, used 145416K [0x000000076bb00000, 0x000000077c500000, 0x00000007c0000000)
  eden space 233472K, 62% used [0x000000076bb00000,0x00000007749023d0,0x0000000779f00000)
  from space 19456K, 0% used [0x000000077b200000,0x000000077b200000,0x000000077c500000)
  to   space 19456K, 0% used [0x0000000779f00000,0x0000000779f00000,0x000000077b200000)
 ParOldGen       total 311296K, used 34292K [0x00000006c3000000, 0x00000006d6000000, 0x000000076bb00000)
  object space 311296K, 11% used [0x00000006c3000000,0x00000006c517d038,0x00000006d6000000)
 Metaspace       used 23853K, capacity 24752K, committed 24960K, reserved 1071104K
  class space    used 2696K, capacity 3081K, committed 3200K, reserved 1048576K
GC Heap History (10 events):
Event: 7.763 GC heap before
{Heap before GC invocations=1 (full 0):
 PSYoungGen      total 136192K, used 116736K [0x000000076bb00000, 0x0000000775300000, 0x00000007c0000000)
  eden space 116736K, 100% used [0x000000076bb00000,0x0000000772d00000,0x0000000772d00000)
  from space 19456K, 0% used [0x0000000774000000,0x0000000774000000,0x0000000775300000)
  to   space 19456K, 0% used [0x0000000772d00000,0x0000000772d00000,0x0000000774000000)
 ParOldGen       total 311296K, used 0K [0x00000006c3000000, 0x00000006d6000000, 0x000000076bb00000)
  object space 311296K, 0% used [0x00000006c3000000,0x00000006c3000000,0x00000006d6000000)
 Metaspace       used 16265K, capacity 16560K, committed 16768K, reserved 1064960K
  class space    used 1808K, capacity 1896K, committed 1920K, reserved 1048576K
Event: 7.780 GC heap after
Heap after GC invocations=1 (full 0):
 PSYoungGen      total 136192K, used 12979K [0x000000076bb00000, 0x0000000775300000, 0x00000007c0000000)
  eden space 116736K, 0% used [0x000000076bb00000,0x000000076bb00000,0x0000000772d00000)
  from space 19456K, 66% used [0x0000000772d00000,0x00000007739acf98,0x0000000774000000)
  to   space 19456K, 0% used [0x0000000774000000,0x0000000774000000,0x0000000775300000)
 ParOldGen       total 311296K, used 88K [0x00000006c3000000, 0x00000006d6000000, 0x000000076bb00000)
  object space 311296K, 0% used [0x00000006c3000000,0x00000006c3016010,0x00000006d6000000)
 Metaspace       used 16265K, capacity 16560K, committed 16768K, reserved 1064960K
  class space    used 1808K, capacity 1896K, committed 1920K, reserved 1048576K
}
Event: 8.670 GC heap before
{Heap before GC invocations=2 (full 0):
 PSYoungGen      total 136192K, used 129715K [0x000000076bb00000, 0x0000000775300000, 0x00000007c0000000)
  eden space 116736K, 100% used [0x000000076bb00000,0x0000000772d00000,0x0000000772d00000)
  from space 19456K, 66% used [0x0000000772d00000,0x00000007739acf98,0x0000000774000000)
  to   space 19456K, 0% used [0x0000000774000000,0x0000000774000000,0x0000000775300000)
 ParOldGen       total 311296K, used 88K [0x00000006c3000000, 0x00000006d6000000, 0x000000076bb00000)
  object space 311296K, 0% used [0x00000006c3000000,0x00000006c3016010,0x00000006d6000000)
 Metaspace       used 16699K, capacity 16986K, committed 17024K, reserved 1064960K
  class space    used 1813K, capacity 1903K, committed 1920K, reserved 1048576K
Event: 8.698 GC heap after
Heap after GC invocations=2 (full 0):
 PSYoungGen      total 136192K, used 19441K [0x000000076bb00000, 0x000000077c500000, 0x00000007c0000000)
  eden space 116736K, 0% used [0x000000076bb00000,0x000000076bb00000,0x0000000772d00000)
  from space 19456K, 99% used [0x0000000774000000,0x00000007752fc790,0x0000000775300000)
  to   space 19456K, 0% used [0x0000000772d00000,0x0000000772d00000,0x0000000774000000)
 ParOldGen       total 311296K, used 1000K [0x00000006c3000000, 0x00000006d6000000, 0x000000076bb00000)
  object space 311296K, 0% used [0x00000006c3000000,0x00000006c30fa338,0x00000006d6000000)
 Metaspace       used 16699K, capacity 16986K, committed 17024K, reserved 1064960K
  class space    used 1813K, capacity 1903K, committed 1920K, reserved 1048576K
}
Event: 9.591 GC heap before
{Heap before GC invocations=3 (full 0):
 PSYoungGen      total 136192K, used 136177K [0x000000076bb00000, 0x000000077c500000, 0x00000007c0000000)
  eden space 116736K, 100% used [0x000000076bb00000,0x0000000772d00000,0x0000000772d00000)
  from space 19456K, 99% used [0x0000000774000000,0x00000007752fc790,0x0000000775300000)
  to   space 19456K, 0% used [0x0000000772d00000,0x0000000772d00000,0x0000000774000000)
 ParOldGen       total 311296K, used 1000K [0x00000006c3000000, 0x00000006d6000000, 0x000000076bb00000)
  object space 311296K, 0% used [0x00000006c3000000,0x00000006c30fa338,0x00000006d6000000)
 Metaspace       used 16970K, capacity 17226K, committed 17280K, reserved 1064960K
  class space    used 1818K, capacity 1911K, committed 1920K, reserved 1048576K
Event: 9.626 GC heap after
Heap after GC invocations=3 (full 0):
 PSYoungGen      total 136192K, used 19432K [0x000000076bb00000, 0x000000077c500000, 0x00000007c0000000)
  eden space 116736K, 0% used [0x000000076bb00000,0x000000076bb00000,0x0000000772d00000)
  from space 19456K, 99% used [0x0000000772d00000,0x0000000773ffa3c0,0x0000000774000000)
  to   space 19456K, 0% used [0x000000077b200000,0x000000077b200000,0x000000077c500000)
 ParOldGen       total 311296K, used 11235K [0x00000006c3000000, 0x00000006d6000000, 0x000000076bb00000)
  object space 311296K, 3% used [0x00000006c3000000,0x00000006c3af8c88,0x00000006d6000000)
 Metaspace       used 16970K, capacity 17226K, committed 17280K, reserved 1064960K
  class space    used 1818K, capacity 1911K, committed 1920K, reserved 1048576K
}
Event: 10.632 GC heap before
{Heap before GC invocations=4 (full 0):
 PSYoungGen      total 136192K, used 47542K [0x000000076bb00000, 0x000000077c500000, 0x00000007c0000000)
  eden space 116736K, 24% used [0x000000076bb00000,0x000000076d673768,0x0000000772d00000)
  from space 19456K, 99% used [0x0000000772d00000,0x0000000773ffa3c0,0x0000000774000000)
  to   space 19456K, 0% used [0x000000077b200000,0x000000077b200000,0x000000077c500000)
 ParOldGen       total 311296K, used 11235K [0x00000006c3000000, 0x00000006d6000000, 0x000000076bb00000)
  object space 311296K, 3% used [0x00000006c3000000,0x00000006c3af8c88,0x00000006d6000000)
 Metaspace       used 20553K, capacity 21116K, committed 21296K, reserved 1069056K
  class space    used 2313K, capacity 2562K, committed 2688K, reserved 1048576K
Event: 10.663 GC heap after
Heap after GC invocations=4 (full 0):
 PSYoungGen      total 252928K, used 19450K [0x000000076bb00000, 0x000000077c500000, 0x00000007c0000000)
  eden space 233472K, 0% used [0x000000076bb00000,0x000000076bb00000,0x0000000779f00000)
  from space 19456K, 99% used [0x000000077b200000,0x000000077c4fe990,0x000000077c500000)
  to   space 19456K, 0% used [0x0000000779f00000,0x0000000779f00000,0x000000077b200000)
 ParOldGen       total 311296K, used 16378K [0x00000006c3000000, 0x00000006d6000000, 0x000000076bb00000)
  object space 311296K, 5% used [0x00000006c3000000,0x00000006c3ffe9b0,0x00000006d6000000)
 Metaspace       used 20553K, capacity 21116K, committed 21296K, reserved 1069056K
  class space    used 2313K, capacity 2562K, committed 2688K, reserved 1048576K
}
Event: 10.663 GC heap before
{Heap before GC invocations=5 (full 1):
 PSYoungGen      total 252928K, used 19450K [0x000000076bb00000, 0x000000077c500000, 0x00000007c0000000)
  eden space 233472K, 0% used [0x000000076bb00000,0x000000076bb00000,0x0000000779f00000)
  from space 19456K, 99% used [0x000000077b200000,0x000000077c4fe990,0x000000077c500000)
  to   space 19456K, 0% used [0x0000000779f00000,0x0000000779f00000,0x000000077b200000)
 ParOldGen       total 311296K, used 16378K [0x00000006c3000000, 0x00000006d6000000, 0x000000076bb00000)
  object space 311296K, 5% used [0x00000006c3000000,0x00000006c3ffe9b0,0x00000006d6000000)
 Metaspace       used 20553K, capacity 21116K, committed 21296K, reserved 1069056K
  class space    used 2313K, capacity 2562K, committed 2688K, reserved 1048576K
Event: 10.893 GC heap after
Heap after GC invocations=5 (full 1):
 PSYoungGen      total 252928K, used 0K [0x000000076bb00000, 0x000000077c500000, 0x00000007c0000000)
  eden space 233472K, 0% used [0x000000076bb00000,0x000000076bb00000,0x0000000779f00000)
  from space 19456K, 0% used [0x000000077b200000,0x000000077b200000,0x000000077c500000)
  to   space 19456K, 0% used [0x0000000779f00000,0x0000000779f00000,0x000000077b200000)
 ParOldGen       total 311296K, used 34292K [0x00000006c3000000, 0x00000006d6000000, 0x000000076bb00000)
  object space 311296K, 11% used [0x00000006c3000000,0x00000006c517d038,0x00000006d6000000)
 Metaspace       used 20553K, capacity 21116K, committed 21296K, reserved 1069056K
  class space    used 2313K, capacity 2562K, committed 2688K, reserved 1048576K
}

