# JRE version: OpenJDK Runtime Environment (8.0_242-b08) (build 1.8.0_242-b08)
# Java VM: OpenJDK 64-Bit Server VM (25.242-b08 mixed mode windows-amd64 compressed oops)
Heap:
 PSYoungGen      total 2089472K, used 1090746K [0x0000000718580000, 0x00000007a3180000, 0x00000007c0000000)
  eden space 1917952K, 56% used [0x0000000718580000,0x000000075aeae8b0,0x000000078d680000)
  from space 171520K, 0% used [0x0000000798a00000,0x0000000798a00000,0x00000007a3180000)
  to   space 171520K, 0% used [0x000000078d680000,0x000000078d680000,0x0000000797e00000)
 ParOldGen       total 2747392K, used 1826846K [0x00000005c9000000, 0x0000000670b00000, 0x0000000718580000)
  object space 2747392K, 66% used [0x00000005c9000000,0x00000006388078c0,0x0000000670b00000)
 Metaspace       used 37508K, capacity 39086K, committed 39216K, reserved 1083392K
  class space    used 4080K, capacity 4594K, committed 4656K, reserved 1048576K
GC Heap History (10 events):
Event: 97.455 GC heap before
{Heap before GC invocations=20 (full 1):
 PSYoungGen      total 2089472K, used 1935584K [0x0000000718580000, 0x00000007a3180000, 0x00000007c0000000)
  eden space 1917952K, 100% used [0x0000000718580000,0x000000078d680000,0x000000078d680000)
  from space 171520K, 10% used [0x0000000798a00000,0x0000000799b38000,0x00000007a3180000)
  to   space 171520K, 0% used [0x000000078d680000,0x000000078d680000,0x0000000797e00000)
 ParOldGen       total 2747392K, used 1246349K [0x00000005c9000000, 0x0000000670b00000, 0x0000000718580000)
  object space 2747392K, 45% used [0x00000005c9000000,0x0000000615123600,0x0000000670b00000)
 Metaspace       used 27227K, capacity 28294K, committed 28464K, reserved 1075200K
  class space    used 3087K, capacity 3512K, committed 3632K, reserved 1048576K
Event: 97.479 GC heap after
Heap after GC invocations=20 (full 1):
 PSYoungGen      total 2089472K, used 30432K [0x0000000718580000, 0x00000007a3180000, 0x00000007c0000000)
  eden space 1917952K, 0% used [0x0000000718580000,0x0000000718580000,0x000000078d680000)
  from space 171520K, 17% used [0x000000078d680000,0x000000078f438000,0x0000000797e00000)
  to   space 171520K, 0% used [0x0000000798a00000,0x0000000798a00000,0x00000007a3180000)
 ParOldGen       total 2747392K, used 1246349K [0x00000005c9000000, 0x0000000670b00000, 0x0000000718580000)
  object space 2747392K, 45% used [0x00000005c9000000,0x0000000615123600,0x0000000670b00000)
 Metaspace       used 27227K, capacity 28294K, committed 28464K, reserved 1075200K
  class space    used 3087K, capacity 3512K, committed 3632K, reserved 1048576K
}
Event: 102.010 GC heap before
{Heap before GC invocations=21 (full 1):
 PSYoungGen      total 2089472K, used 1948384K [0x0000000718580000, 0x00000007a3180000, 0x00000007c0000000)
  eden space 1917952K, 100% used [0x0000000718580000,0x000000078d680000,0x000000078d680000)
  from space 171520K, 17% used [0x000000078d680000,0x000000078f438000,0x0000000797e00000)
  to   space 171520K, 0% used [0x0000000798a00000,0x0000000798a00000,0x00000007a3180000)
 ParOldGen       total 2747392K, used 1246349K [0x00000005c9000000, 0x0000000670b00000, 0x0000000718580000)
  object space 2747392K, 45% used [0x00000005c9000000,0x0000000615123600,0x0000000670b00000)
 Metaspace       used 27233K, capacity 28294K, committed 28464K, reserved 1075200K
  class space    used 3087K, capacity 3512K, committed 3632K, reserved 1048576K
Event: 102.069 GC heap after
Heap after GC invocations=21 (full 1):
 PSYoungGen      total 2089472K, used 69976K [0x0000000718580000, 0x00000007a3180000, 0x00000007c0000000)
  eden space 1917952K, 0% used [0x0000000718580000,0x0000000718580000,0x000000078d680000)
  from space 171520K, 40% used [0x0000000798a00000,0x000000079ce561c8,0x00000007a3180000)
  to   space 171520K, 0% used [0x000000078d680000,0x000000078d680000,0x0000000797e00000)
 ParOldGen       total 2747392K, used 1246349K [0x00000005c9000000, 0x0000000670b00000, 0x0000000718580000)
  object space 2747392K, 45% used [0x00000005c9000000,0x0000000615123600,0x0000000670b00000)
 Metaspace       used 27233K, capacity 28294K, committed 28464K, reserved 1075200K
  class space    used 3087K, capacity 3512K, committed 3632K, reserved 1048576K
}
Event: 110.004 GC heap before
{Heap before GC invocations=22 (full 1):
 PSYoungGen      total 2089472K, used 1987928K [0x0000000718580000, 0x00000007a3180000, 0x00000007c0000000)
  eden space 1917952K, 100% used [0x0000000718580000,0x000000078d680000,0x000000078d680000)
  from space 171520K, 40% used [0x0000000798a00000,0x000000079ce561c8,0x00000007a3180000)
  to   space 171520K, 0% used [0x000000078d680000,0x000000078d680000,0x0000000797e00000)
 ParOldGen       total 2747392K, used 1246349K [0x00000005c9000000, 0x0000000670b00000, 0x0000000718580000)
  object space 2747392K, 45% used [0x00000005c9000000,0x0000000615123600,0x0000000670b00000)
 Metaspace       used 27476K, capacity 28486K, committed 28720K, reserved 1075200K
  class space    used 3099K, capacity 3512K, committed 3632K, reserved 1048576K
Event: 111.321 GC heap after
Heap after GC invocations=22 (full 1):
 PSYoungGen      total 2089472K, used 171498K [0x0000000718580000, 0x00000007a3180000, 0x00000007c0000000)
  eden space 1917952K, 0% used [0x0000000718580000,0x0000000718580000,0x000000078d680000)
  from space 171520K, 99% used [0x000000078d680000,0x0000000797dfa908,0x0000000797e00000)
  to   space 171520K, 0% used [0x0000000798a00000,0x0000000798a00000,0x00000007a3180000)
 ParOldGen       total 2747392K, used 1518226K [0x00000005c9000000, 0x0000000670b00000, 0x0000000718580000)
  object space 2747392K, 55% used [0x00000005c9000000,0x0000000625aa4ad8,0x0000000670b00000)
 Metaspace       used 27476K, capacity 28486K, committed 28720K, reserved 1075200K
  class space    used 3099K, capacity 3512K, committed 3632K, reserved 1048576K
}
Event: 118.147 GC heap before
{Heap before GC invocations=23 (full 1):
 PSYoungGen      total 2089472K, used 2089450K [0x0000000718580000, 0x00000007a3180000, 0x00000007c0000000)
  eden space 1917952K, 100% used [0x0000000718580000,0x000000078d680000,0x000000078d680000)
  from space 171520K, 99% used [0x000000078d680000,0x0000000797dfa908,0x0000000797e00000)
  to   space 171520K, 0% used [0x0000000798a00000,0x0000000798a00000,0x00000007a3180000)
 ParOldGen       total 2747392K, used 1518226K [0x00000005c9000000, 0x0000000670b00000, 0x0000000718580000)
  object space 2747392K, 55% used [0x00000005c9000000,0x0000000625aa4ad8,0x0000000670b00000)
 Metaspace       used 33461K, capacity 34570K, committed 34864K, reserved 1079296K
  class space    used 3641K, capacity 4068K, committed 4144K, reserved 1048576K
Event: 120.005 GC heap after
Heap after GC invocations=23 (full 1):
 PSYoungGen      total 2089472K, used 171499K [0x0000000718580000, 0x00000007a3180000, 0x00000007c0000000)
  eden space 1917952K, 0% used [0x0000000718580000,0x0000000718580000,0x000000078d680000)
  from space 171520K, 99% used [0x0000000798a00000,0x00000007a317af90,0x00000007a3180000)
  to   space 171520K, 0% used [0x000000078d680000,0x000000078d680000,0x0000000797e00000)
 ParOldGen       total 2747392K, used 2292273K [0x00000005c9000000, 0x0000000670b00000, 0x0000000718580000)
  object space 2747392K, 83% used [0x00000005c9000000,0x0000000654e8c5a8,0x0000000670b00000)
 Metaspace       used 33461K, capacity 34570K, committed 34864K, reserved 1079296K
  class space    used 3641K, capacity 4068K, committed 4144K, reserved 1048576K
}
Event: 120.005 GC heap before
{Heap before GC invocations=24 (full 2):
 PSYoungGen      total 2089472K, used 171499K [0x0000000718580000, 0x00000007a3180000, 0x00000007c0000000)
  eden space 1917952K, 0% used [0x0000000718580000,0x0000000718580000,0x000000078d680000)
  from space 171520K, 99% used [0x0000000798a00000,0x00000007a317af90,0x00000007a3180000)
  to   space 171520K, 0% used [0x000000078d680000,0x000000078d680000,0x0000000797e00000)
 ParOldGen       total 2747392K, used 2292273K [0x00000005c9000000, 0x0000000670b00000, 0x0000000718580000)
  object space 2747392K, 83% used [0x00000005c9000000,0x0000000654e8c5a8,0x0000000670b00000)
 Metaspace       used 33461K, capacity 34570K, committed 34864K, reserved 1079296K
  class space    used 3641K, capacity 4068K, committed 4144K, reserved 1048576K
Event: 129.962 GC heap after
Heap after GC invocations=24 (full 2):
 PSYoungGen      total 2089472K, used 0K [0x0000000718580000, 0x00000007a3180000, 0x00000007c0000000)
  eden space 1917952K, 0% used [0x0000000718580000,0x0000000718580000,0x000000078d680000)
  from space 171520K, 0% used [0x0000000798a00000,0x0000000798a00000,0x00000007a3180000)
  to   space 171520K, 0% used [0x000000078d680000,0x000000078d680000,0x0000000797e00000)
 ParOldGen       total 2747392K, used 1826846K [0x00000005c9000000, 0x0000000670b00000, 0x0000000718580000)
  object space 2747392K, 66% used [0x00000005c9000000,0x00000006388078c0,0x0000000670b00000)
 Metaspace       used 33432K, capacity 34530K, committed 34864K, reserved 1079296K
  class space    used 3639K, capacity 4060K, committed 4144K, reserved 1048576K
}

