# JRE version: OpenJDK Runtime Environment (8.0_242-b08) (build 1.8.0_242-b08)
# Java VM: OpenJDK 64-Bit Server VM (25.242-b08 mixed mode windows-amd64 compressed oops)
Heap:
 PSYoungGen      total 1990144K, used 630453K [0x0000000718580000, 0x00000007c0000000, 0x00000007c0000000)
  eden space 1233408K, 51% used [0x0000000718580000,0x000000073ed2d4f8,0x0000000763a00000)
  from space 756736K, 0% used [0x0000000763a00000,0x0000000763a00000,0x0000000791d00000)
  to   space 721920K, 0% used [0x0000000793f00000,0x0000000793f00000,0x00000007c0000000)
 ParOldGen       total 4060160K, used 1452961K [0x00000005c9000000, 0x00000006c0d00000, 0x0000000718580000)
  object space 4060160K, 35% used [0x00000005c9000000,0x0000000621ae8570,0x00000006c0d00000)
 Metaspace       used 36910K, capacity 38474K, committed 38616K, reserved 1083392K
  class space    used 4019K, capacity 4546K, committed 4608K, reserved 1048576K
GC Heap History (10 events):
Event: 186.094 GC heap before
{Heap before GC invocations=21 (full 1):
 PSYoungGen      total 2359808K, used 2015360K [0x0000000718580000, 0x00000007be180000, 0x00000007c0000000)
  eden space 2004992K, 100% used [0x0000000718580000,0x0000000792b80000,0x0000000792b80000)
  from space 354816K, 2% used [0x0000000792b80000,0x00000007935a0000,0x00000007a8600000)
  to   space 344576K, 0% used [0x00000007a9100000,0x00000007a9100000,0x00000007be180000)
 ParOldGen       total 2747392K, used 1235539K [0x00000005c9000000, 0x0000000670b00000, 0x0000000718580000)
  object space 2747392K, 44% used [0x00000005c9000000,0x0000000614694f60,0x0000000670b00000)
 Metaspace       used 27235K, capacity 28302K, committed 28416K, reserved 1075200K
  class space    used 3087K, capacity 3512K, committed 3584K, reserved 1048576K
Event: 186.118 GC heap after
Heap after GC invocations=21 (full 1):
 PSYoungGen      total 2377728K, used 29536K [0x0000000718580000, 0x00000007bda00000, 0x00000007c0000000)
  eden space 2040832K, 0% used [0x0000000718580000,0x0000000718580000,0x0000000794e80000)
  from space 336896K, 8% used [0x00000007a9100000,0x00000007aadd8000,0x00000007bda00000)
  to   space 330240K, 0% used [0x0000000794e80000,0x0000000794e80000,0x00000007a9100000)
 ParOldGen       total 2747392K, used 1245495K [0x00000005c9000000, 0x0000000670b00000, 0x0000000718580000)
  object space 2747392K, 45% used [0x00000005c9000000,0x000000061504df50,0x0000000670b00000)
 Metaspace       used 27235K, capacity 28302K, committed 28416K, reserved 1075200K
  class space    used 3087K, capacity 3512K, committed 3584K, reserved 1048576K
}
Event: 191.094 GC heap before
{Heap before GC invocations=22 (full 1):
 PSYoungGen      total 2377728K, used 2070368K [0x0000000718580000, 0x00000007bda00000, 0x00000007c0000000)
  eden space 2040832K, 100% used [0x0000000718580000,0x0000000794e80000,0x0000000794e80000)
  from space 336896K, 8% used [0x00000007a9100000,0x00000007aadd8000,0x00000007bda00000)
  to   space 330240K, 0% used [0x0000000794e80000,0x0000000794e80000,0x00000007a9100000)
 ParOldGen       total 2747392K, used 1245495K [0x00000005c9000000, 0x0000000670b00000, 0x0000000718580000)
  object space 2747392K, 45% used [0x00000005c9000000,0x000000061504df50,0x0000000670b00000)
 Metaspace       used 27483K, capacity 28494K, committed 28672K, reserved 1075200K
  class space    used 3099K, capacity 3512K, committed 3584K, reserved 1048576K
Event: 191.541 GC heap after
Heap after GC invocations=22 (full 1):
 PSYoungGen      total 2371072K, used 330220K [0x0000000718580000, 0x00000007c0000000, 0x00000007c0000000)
  eden space 2040832K, 0% used [0x0000000718580000,0x0000000718580000,0x0000000794e80000)
  from space 330240K, 99% used [0x0000000794e80000,0x00000007a90fb158,0x00000007a9100000)
  to   space 375808K, 0% used [0x00000007a9100000,0x00000007a9100000,0x00000007c0000000)
 ParOldGen       total 2747392K, used 1297793K [0x00000005c9000000, 0x0000000670b00000, 0x0000000718580000)
  object space 2747392K, 47% used [0x00000005c9000000,0x0000000618360790,0x0000000670b00000)
 Metaspace       used 27483K, capacity 28494K, committed 28672K, reserved 1075200K
  class space    used 3099K, capacity 3512K, committed 3584K, reserved 1048576K
}
Event: 198.085 GC heap before
{Heap before GC invocations=23 (full 1):
 PSYoungGen      total 2371072K, used 2371052K [0x0000000718580000, 0x00000007c0000000, 0x00000007c0000000)
  eden space 2040832K, 100% used [0x0000000718580000,0x0000000794e80000,0x0000000794e80000)
  from space 330240K, 99% used [0x0000000794e80000,0x00000007a90fb158,0x00000007a9100000)
  to   space 375808K, 0% used [0x00000007a9100000,0x00000007a9100000,0x00000007c0000000)
 ParOldGen       total 2747392K, used 1297793K [0x00000005c9000000, 0x0000000670b00000, 0x0000000718580000)
  object space 2747392K, 47% used [0x00000005c9000000,0x0000000618360790,0x0000000670b00000)
 Metaspace       used 33466K, capacity 34582K, committed 34816K, reserved 1079296K
  class space    used 3640K, capacity 4068K, committed 4096K, reserved 1048576K
Event: 202.467 GC heap after
Heap after GC invocations=23 (full 1):
 PSYoungGen      total 1609216K, used 375796K [0x0000000718580000, 0x00000007c0000000, 0x00000007c0000000)
  eden space 1233408K, 0% used [0x0000000718580000,0x0000000718580000,0x0000000763a00000)
  from space 375808K, 99% used [0x00000007a9100000,0x00000007bfffd088,0x00000007c0000000)
  to   space 756736K, 0% used [0x0000000763a00000,0x0000000763a00000,0x0000000791d00000)
 ParOldGen       total 2747392K, used 2040486K [0x00000005c9000000, 0x0000000670b00000, 0x0000000718580000)
  object space 2747392K, 74% used [0x00000005c9000000,0x00000006458a99e8,0x0000000670b00000)
 Metaspace       used 33466K, capacity 34582K, committed 34816K, reserved 1079296K
  class space    used 3640K, capacity 4068K, committed 4096K, reserved 1048576K
}
Event: 207.307 GC heap before
{Heap before GC invocations=24 (full 1):
 PSYoungGen      total 1609216K, used 721331K [0x0000000718580000, 0x00000007c0000000, 0x00000007c0000000)
  eden space 1233408K, 28% used [0x0000000718580000,0x000000072d6efd98,0x0000000763a00000)
  from space 375808K, 99% used [0x00000007a9100000,0x00000007bfffd088,0x00000007c0000000)
  to   space 756736K, 0% used [0x0000000763a00000,0x0000000763a00000,0x0000000791d00000)
 ParOldGen       total 2747392K, used 2040486K [0x00000005c9000000, 0x0000000670b00000, 0x0000000718580000)
  object space 2747392K, 74% used [0x00000005c9000000,0x00000006458a99e8,0x0000000670b00000)
 Metaspace       used 34062K, capacity 35384K, committed 35416K, reserved 1081344K
  class space    used 3720K, capacity 4195K, committed 4224K, reserved 1048576K
Event: 208.692 GC heap after
Heap after GC invocations=24 (full 1):
 PSYoungGen      total 1990144K, used 103059K [0x0000000718580000, 0x00000007c0000000, 0x00000007c0000000)
  eden space 1233408K, 0% used [0x0000000718580000,0x0000000718580000,0x0000000763a00000)
  from space 756736K, 13% used [0x0000000763a00000,0x0000000769ea4ea0,0x0000000791d00000)
  to   space 721920K, 0% used [0x0000000793f00000,0x0000000793f00000,0x00000007c0000000)
 ParOldGen       total 2747392K, used 2305399K [0x00000005c9000000, 0x0000000670b00000, 0x0000000718580000)
  object space 2747392K, 83% used [0x00000005c9000000,0x0000000655b5dd40,0x0000000670b00000)
 Metaspace       used 34062K, capacity 35384K, committed 35416K, reserved 1081344K
  class space    used 3720K, capacity 4195K, committed 4224K, reserved 1048576K
}
Event: 208.692 GC heap before
{Heap before GC invocations=25 (full 2):
 PSYoungGen      total 1990144K, used 103059K [0x0000000718580000, 0x00000007c0000000, 0x00000007c0000000)
  eden space 1233408K, 0% used [0x0000000718580000,0x0000000718580000,0x0000000763a00000)
  from space 756736K, 13% used [0x0000000763a00000,0x0000000769ea4ea0,0x0000000791d00000)
  to   space 721920K, 0% used [0x0000000793f00000,0x0000000793f00000,0x00000007c0000000)
 ParOldGen       total 2747392K, used 2305399K [0x00000005c9000000, 0x0000000670b00000, 0x0000000718580000)
  object space 2747392K, 83% used [0x00000005c9000000,0x0000000655b5dd40,0x0000000670b00000)
 Metaspace       used 34062K, capacity 35384K, committed 35416K, reserved 1081344K
  class space    used 3720K, capacity 4195K, committed 4224K, reserved 1048576K
Event: 226.612 GC heap after
Heap after GC invocations=25 (full 2):
 PSYoungGen      total 1990144K, used 0K [0x0000000718580000, 0x00000007c0000000, 0x00000007c0000000)
  eden space 1233408K, 0% used [0x0000000718580000,0x0000000718580000,0x0000000763a00000)
  from space 756736K, 0% used [0x0000000763a00000,0x0000000763a00000,0x0000000791d00000)
  to   space 721920K, 0% used [0x0000000793f00000,0x0000000793f00000,0x00000007c0000000)
 ParOldGen       total 4060160K, used 1452961K [0x00000005c9000000, 0x00000006c0d00000, 0x0000000718580000)
  object space 4060160K, 35% used [0x00000005c9000000,0x0000000621ae8570,0x00000006c0d00000)
 Metaspace       used 34033K, capacity 35344K, committed 35416K, reserved 1081344K
  class space    used 3718K, capacity 4187K, committed 4224K, reserved 1048576K
}

