# JRE version: OpenJDK Runtime Environment (8.0_242-b08) (build 1.8.0_242-b08)
# Java VM: OpenJDK 64-Bit Server VM (25.242-b08 mixed mode windows-amd64 compressed oops)
Heap:
 PSYoungGen      total 921088K, used 490199K [0x000000076bb00000, 0x00000007c0000000, 0x00000007c0000000)
  eden space 460800K, 62% used [0x000000076bb00000,0x000000077d603a78,0x0000000787d00000)
  from space 460288K, 43% used [0x00000007a3e80000,0x00000007b02322a0,0x00000007c0000000)
  to   space 460288K, 0% used [0x0000000787d00000,0x0000000787d00000,0x00000007a3e80000)
 ParOldGen       total 2688000K, used 2205591K [0x00000006c3000000, 0x0000000767100000, 0x000000076bb00000)
  object space 2688000K, 82% used [0x00000006c3000000,0x00000007499e5ff0,0x0000000767100000)
 Metaspace       used 45927K, capacity 48028K, committed 48176K, reserved 1091584K
  class space    used 4792K, capacity 5418K, committed 5424K, reserved 1048576K
GC Heap History (10 events):
Event: 528.335 GC heap before
{Heap before GC invocations=91 (full 7):
 PSYoungGen      total 921088K, used 921057K [0x000000076bb00000, 0x00000007c0000000, 0x00000007c0000000)
  eden space 460800K, 100% used [0x000000076bb00000,0x0000000787d00000,0x0000000787d00000)
  from space 460288K, 99% used [0x0000000787d00000,0x00000007a3e78488,0x00000007a3e80000)
  to   space 460288K, 0% used [0x00000007a3e80000,0x00000007a3e80000,0x00000007c0000000)
 ParOldGen       total 2688000K, used 1695201K [0x00000006c3000000, 0x0000000767100000, 0x000000076bb00000)
  object space 2688000K, 63% used [0x00000006c3000000,0x000000072a7787e0,0x0000000767100000)
 Metaspace       used 45702K, capacity 47748K, committed 47920K, reserved 1091584K
  class space    used 4783K, capacity 5393K, committed 5424K, reserved 1048576K
Event: 528.715 GC heap after
Heap after GC invocations=91 (full 7):
 PSYoungGen      total 921088K, used 460270K [0x000000076bb00000, 0x00000007c0000000, 0x00000007c0000000)
  eden space 460800K, 0% used [0x000000076bb00000,0x000000076bb00000,0x0000000787d00000)
  from space 460288K, 99% used [0x00000007a3e80000,0x00000007bfffb878,0x00000007c0000000)
  to   space 460288K, 0% used [0x0000000787d00000,0x0000000787d00000,0x00000007a3e80000)
 ParOldGen       total 2688000K, used 1712267K [0x00000006c3000000, 0x0000000767100000, 0x000000076bb00000)
  object space 2688000K, 63% used [0x00000006c3000000,0x000000072b822ef8,0x0000000767100000)
 Metaspace       used 45702K, capacity 47748K, committed 47920K, reserved 1091584K
  class space    used 4783K, capacity 5393K, committed 5424K, reserved 1048576K
}
Event: 529.765 GC heap before
{Heap before GC invocations=92 (full 7):
 PSYoungGen      total 921088K, used 921070K [0x000000076bb00000, 0x00000007c0000000, 0x00000007c0000000)
  eden space 460800K, 100% used [0x000000076bb00000,0x0000000787d00000,0x0000000787d00000)
  from space 460288K, 99% used [0x00000007a3e80000,0x00000007bfffb878,0x00000007c0000000)
  to   space 460288K, 0% used [0x0000000787d00000,0x0000000787d00000,0x00000007a3e80000)
 ParOldGen       total 2688000K, used 1712267K [0x00000006c3000000, 0x0000000767100000, 0x000000076bb00000)
  object space 2688000K, 63% used [0x00000006c3000000,0x000000072b822ef8,0x0000000767100000)
 Metaspace       used 45702K, capacity 47748K, committed 47920K, reserved 1091584K
  class space    used 4783K, capacity 5393K, committed 5424K, reserved 1048576K
Event: 532.185 GC heap after
Heap after GC invocations=92 (full 7):
 PSYoungGen      total 921088K, used 460264K [0x000000076bb00000, 0x00000007c0000000, 0x00000007c0000000)
  eden space 460800K, 0% used [0x000000076bb00000,0x000000076bb00000,0x0000000787d00000)
  from space 460288K, 99% used [0x0000000787d00000,0x00000007a3e7a2b8,0x00000007a3e80000)
  to   space 460288K, 0% used [0x00000007a3e80000,0x00000007a3e80000,0x00000007c0000000)
 ParOldGen       total 2688000K, used 1919212K [0x00000006c3000000, 0x0000000767100000, 0x000000076bb00000)
  object space 2688000K, 71% used [0x00000006c3000000,0x000000073823b2f8,0x0000000767100000)
 Metaspace       used 45702K, capacity 47748K, committed 47920K, reserved 1091584K
  class space    used 4783K, capacity 5393K, committed 5424K, reserved 1048576K
}
Event: 540.423 GC heap before
{Heap before GC invocations=93 (full 7):
 PSYoungGen      total 921088K, used 921064K [0x000000076bb00000, 0x00000007c0000000, 0x00000007c0000000)
  eden space 460800K, 100% used [0x000000076bb00000,0x0000000787d00000,0x0000000787d00000)
  from space 460288K, 99% used [0x0000000787d00000,0x00000007a3e7a2b8,0x00000007a3e80000)
  to   space 460288K, 0% used [0x00000007a3e80000,0x00000007a3e80000,0x00000007c0000000)
 ParOldGen       total 2688000K, used 1919212K [0x00000006c3000000, 0x0000000767100000, 0x000000076bb00000)
  object space 2688000K, 71% used [0x00000006c3000000,0x000000073823b2f8,0x0000000767100000)
 Metaspace       used 45726K, capacity 47776K, committed 47920K, reserved 1091584K
  class space    used 4785K, capacity 5398K, committed 5424K, reserved 1048576K
Event: 541.574 GC heap after
Heap after GC invocations=93 (full 7):
 PSYoungGen      total 921088K, used 460261K [0x000000076bb00000, 0x00000007c0000000, 0x00000007c0000000)
  eden space 460800K, 0% used [0x000000076bb00000,0x000000076bb00000,0x0000000787d00000)
  from space 460288K, 99% used [0x00000007a3e80000,0x00000007bfff96d0,0x00000007c0000000)
  to   space 460288K, 0% used [0x0000000787d00000,0x0000000787d00000,0x00000007a3e80000)
 ParOldGen       total 2688000K, used 1935111K [0x00000006c3000000, 0x0000000767100000, 0x000000076bb00000)
  object space 2688000K, 71% used [0x00000006c3000000,0x00000007391c1d28,0x0000000767100000)
 Metaspace       used 45726K, capacity 47776K, committed 47920K, reserved 1091584K
  class space    used 4785K, capacity 5398K, committed 5424K, reserved 1048576K
}
Event: 550.692 GC heap before
{Heap before GC invocations=94 (full 7):
 PSYoungGen      total 921088K, used 921061K [0x000000076bb00000, 0x00000007c0000000, 0x00000007c0000000)
  eden space 460800K, 100% used [0x000000076bb00000,0x0000000787d00000,0x0000000787d00000)
  from space 460288K, 99% used [0x00000007a3e80000,0x00000007bfff96d0,0x00000007c0000000)
  to   space 460288K, 0% used [0x0000000787d00000,0x0000000787d00000,0x00000007a3e80000)
 ParOldGen       total 2688000K, used 1935111K [0x00000006c3000000, 0x0000000767100000, 0x000000076bb00000)
  object space 2688000K, 71% used [0x00000006c3000000,0x00000007391c1d28,0x0000000767100000)
 Metaspace       used 45727K, capacity 47776K, committed 47920K, reserved 1091584K
  class space    used 4785K, capacity 5398K, committed 5424K, reserved 1048576K
Event: 552.353 GC heap after
Heap after GC invocations=94 (full 7):
 PSYoungGen      total 921088K, used 331466K [0x000000076bb00000, 0x00000007c0000000, 0x00000007c0000000)
  eden space 460800K, 0% used [0x000000076bb00000,0x000000076bb00000,0x0000000787d00000)
  from space 460288K, 72% used [0x0000000787d00000,0x000000079c0b2a20,0x00000007a3e80000)
  to   space 460288K, 0% used [0x00000007a3e80000,0x00000007a3e80000,0x00000007c0000000)
 ParOldGen       total 2688000K, used 2073996K [0x00000006c3000000, 0x0000000767100000, 0x000000076bb00000)
  object space 2688000K, 77% used [0x00000006c3000000,0x0000000741963120,0x0000000767100000)
 Metaspace       used 45727K, capacity 47776K, committed 47920K, reserved 1091584K
  class space    used 4785K, capacity 5398K, committed 5424K, reserved 1048576K
}
Event: 566.696 GC heap before
{Heap before GC invocations=95 (full 7):
 PSYoungGen      total 921088K, used 792266K [0x000000076bb00000, 0x00000007c0000000, 0x00000007c0000000)
  eden space 460800K, 100% used [0x000000076bb00000,0x0000000787d00000,0x0000000787d00000)
  from space 460288K, 72% used [0x0000000787d00000,0x000000079c0b2a20,0x00000007a3e80000)
  to   space 460288K, 0% used [0x00000007a3e80000,0x00000007a3e80000,0x00000007c0000000)
 ParOldGen       total 2688000K, used 2073996K [0x00000006c3000000, 0x0000000767100000, 0x000000076bb00000)
  object space 2688000K, 77% used [0x00000006c3000000,0x0000000741963120,0x0000000767100000)
 Metaspace       used 45765K, capacity 47794K, committed 47920K, reserved 1091584K
  class space    used 4785K, capacity 5400K, committed 5424K, reserved 1048576K
Event: 569.000 GC heap after
Heap after GC invocations=95 (full 7):
 PSYoungGen      total 921088K, used 200392K [0x000000076bb00000, 0x00000007c0000000, 0x00000007c0000000)
  eden space 460800K, 0% used [0x000000076bb00000,0x000000076bb00000,0x0000000787d00000)
  from space 460288K, 43% used [0x00000007a3e80000,0x00000007b02322a0,0x00000007c0000000)
  to   space 460288K, 0% used [0x0000000787d00000,0x0000000787d00000,0x00000007a3e80000)
 ParOldGen       total 2688000K, used 2205591K [0x00000006c3000000, 0x0000000767100000, 0x000000076bb00000)
  object space 2688000K, 82% used [0x00000006c3000000,0x00000007499e5ff0,0x0000000767100000)
 Metaspace       used 45765K, capacity 47794K, committed 47920K, reserved 1091584K
  class space    used 4785K, capacity 5400K, committed 5424K, reserved 1048576K
}

