# JRE version: OpenJDK Runtime Environment (8.0_242-b08) (build 1.8.0_242-b08)
# Java VM: OpenJDK 64-Bit Server VM (25.242-b08 mixed mode windows-amd64 compressed oops)
Heap:
 PSYoungGen      total 921088K, used 696025K [0x000000076bb00000, 0x00000007c0000000, 0x00000007c0000000)
  eden space 460800K, 54% used [0x000000076bb00000,0x000000077afa8e50,0x0000000787d00000)
  from space 460288K, 96% used [0x0000000787d00000,0x00000007a300d638,0x00000007a3e80000)
  to   space 460288K, 0% used [0x00000007a3e80000,0x00000007a3e80000,0x00000007c0000000)
 ParOldGen       total 2763776K, used 2468988K [0x00000006c3000000, 0x000000076bb00000, 0x000000076bb00000)
  object space 2763776K, 89% used [0x00000006c3000000,0x0000000759b1f338,0x000000076bb00000)
 Metaspace       used 45708K, capacity 47774K, committed 48000K, reserved 1091584K
  class space    used 4781K, capacity 5395K, committed 5504K, reserved 1048576K
GC Heap History (10 events):
Event: 518.419 GC heap before
{Heap before GC invocations=86 (full 7):
 PSYoungGen      total 886784K, used 668655K [0x000000076bb00000, 0x00000007b8600000, 0x00000007c0000000)
  eden space 565248K, 100% used [0x000000076bb00000,0x000000078e300000,0x000000078e300000)
  from space 321536K, 32% used [0x00000007a4c00000,0x00000007ab0fbd10,0x00000007b8600000)
  to   space 345600K, 0% used [0x000000078e300000,0x000000078e300000,0x00000007a3480000)
 ParOldGen       total 2763776K, used 2223778K [0x00000006c3000000, 0x000000076bb00000, 0x000000076bb00000)
  object space 2763776K, 80% used [0x00000006c3000000,0x000000074aba88b8,0x000000076bb00000)
 Metaspace       used 45622K, capacity 47702K, committed 48000K, reserved 1091584K
  class space    used 4781K, capacity 5395K, committed 5504K, reserved 1048576K
Event: 520.403 GC heap after
Heap after GC invocations=86 (full 7):
 PSYoungGen      total 910848K, used 201348K [0x000000076bb00000, 0x00000007bd600000, 0x00000007c0000000)
  eden space 565248K, 0% used [0x000000076bb00000,0x000000076bb00000,0x000000078e300000)
  from space 345600K, 58% used [0x000000078e300000,0x000000079a7a1210,0x00000007a3480000)
  to   space 358912K, 0% used [0x00000007a7780000,0x00000007a7780000,0x00000007bd600000)
 ParOldGen       total 2763776K, used 2223778K [0x00000006c3000000, 0x000000076bb00000, 0x000000076bb00000)
  object space 2763776K, 80% used [0x00000006c3000000,0x000000074aba88b8,0x000000076bb00000)
 Metaspace       used 45622K, capacity 47702K, committed 48000K, reserved 1091584K
  class space    used 4781K, capacity 5395K, committed 5504K, reserved 1048576K
}
Event: 525.346 GC heap before
{Heap before GC invocations=87 (full 7):
 PSYoungGen      total 910848K, used 766596K [0x000000076bb00000, 0x00000007bd600000, 0x00000007c0000000)
  eden space 565248K, 100% used [0x000000076bb00000,0x000000078e300000,0x000000078e300000)
  from space 345600K, 58% used [0x000000078e300000,0x000000079a7a1210,0x00000007a3480000)
  to   space 358912K, 0% used [0x00000007a7780000,0x00000007a7780000,0x00000007bd600000)
 ParOldGen       total 2763776K, used 2223778K [0x00000006c3000000, 0x000000076bb00000, 0x000000076bb00000)
  object space 2763776K, 80% used [0x00000006c3000000,0x000000074aba88b8,0x000000076bb00000)
 Metaspace       used 45624K, capacity 47702K, committed 48000K, reserved 1091584K
  class space    used 4781K, capacity 5395K, committed 5504K, reserved 1048576K
Event: 529.163 GC heap after
Heap after GC invocations=87 (full 7):
 PSYoungGen      total 946176K, used 266842K [0x000000076bb00000, 0x00000007c0000000, 0x00000007c0000000)
  eden space 587264K, 0% used [0x000000076bb00000,0x000000076bb00000,0x000000078f880000)
  from space 358912K, 74% used [0x00000007a7780000,0x00000007b7c168f8,0x00000007bd600000)
  to   space 392192K, 0% used [0x000000078f880000,0x000000078f880000,0x00000007a7780000)
 ParOldGen       total 2763776K, used 2225047K [0x00000006c3000000, 0x000000076bb00000, 0x000000076bb00000)
  object space 2763776K, 80% used [0x00000006c3000000,0x000000074ace5ca8,0x000000076bb00000)
 Metaspace       used 45624K, capacity 47702K, committed 48000K, reserved 1091584K
  class space    used 4781K, capacity 5395K, committed 5504K, reserved 1048576K
}
Event: 531.229 GC heap before
{Heap before GC invocations=88 (full 7):
 PSYoungGen      total 946176K, used 854106K [0x000000076bb00000, 0x00000007c0000000, 0x00000007c0000000)
  eden space 587264K, 100% used [0x000000076bb00000,0x000000078f880000,0x000000078f880000)
  from space 358912K, 74% used [0x00000007a7780000,0x00000007b7c168f8,0x00000007bd600000)
  to   space 392192K, 0% used [0x000000078f880000,0x000000078f880000,0x00000007a7780000)
 ParOldGen       total 2763776K, used 2225047K [0x00000006c3000000, 0x000000076bb00000, 0x000000076bb00000)
  object space 2763776K, 80% used [0x00000006c3000000,0x000000074ace5ca8,0x000000076bb00000)
 Metaspace       used 45625K, capacity 47702K, committed 48000K, reserved 1091584K
  class space    used 4781K, capacity 5395K, committed 5504K, reserved 1048576K
Event: 534.311 GC heap after
Heap after GC invocations=88 (full 7):
 PSYoungGen      total 971776K, used 384443K [0x000000076bb00000, 0x00000007c0000000, 0x00000007c0000000)
  eden space 587264K, 0% used [0x000000076bb00000,0x000000076bb00000,0x000000078f880000)
  from space 384512K, 99% used [0x000000078f880000,0x00000007a6feed28,0x00000007a7000000)
  to   space 409600K, 0% used [0x00000007a7000000,0x00000007a7000000,0x00000007c0000000)
 ParOldGen       total 2763776K, used 2236749K [0x00000006c3000000, 0x000000076bb00000, 0x000000076bb00000)
  object space 2763776K, 80% used [0x00000006c3000000,0x000000074b853408,0x000000076bb00000)
 Metaspace       used 45625K, capacity 47702K, committed 48000K, reserved 1091584K
  class space    used 4781K, capacity 5395K, committed 5504K, reserved 1048576K
}
Event: 537.295 GC heap before
{Heap before GC invocations=89 (full 7):
 PSYoungGen      total 971776K, used 971707K [0x000000076bb00000, 0x00000007c0000000, 0x00000007c0000000)
  eden space 587264K, 100% used [0x000000076bb00000,0x000000078f880000,0x000000078f880000)
  from space 384512K, 99% used [0x000000078f880000,0x00000007a6feed28,0x00000007a7000000)
  to   space 409600K, 0% used [0x00000007a7000000,0x00000007a7000000,0x00000007c0000000)
 ParOldGen       total 2763776K, used 2236749K [0x00000006c3000000, 0x000000076bb00000, 0x000000076bb00000)
  object space 2763776K, 80% used [0x00000006c3000000,0x000000074b853408,0x000000076bb00000)
 Metaspace       used 45629K, capacity 47702K, committed 48000K, reserved 1091584K
  class space    used 4781K, capacity 5395K, committed 5504K, reserved 1048576K
Event: 541.667 GC heap after
Heap after GC invocations=89 (full 7):
 PSYoungGen      total 870400K, used 409589K [0x000000076bb00000, 0x00000007c0000000, 0x00000007c0000000)
  eden space 460800K, 0% used [0x000000076bb00000,0x000000076bb00000,0x0000000787d00000)
  from space 409600K, 99% used [0x00000007a7000000,0x00000007bfffd4b8,0x00000007c0000000)
  to   space 460288K, 0% used [0x0000000787d00000,0x0000000787d00000,0x00000007a3e80000)
 ParOldGen       total 2763776K, used 2433633K [0x00000006c3000000, 0x000000076bb00000, 0x000000076bb00000)
  object space 2763776K, 88% used [0x00000006c3000000,0x00000007578987e8,0x000000076bb00000)
 Metaspace       used 45629K, capacity 47702K, committed 48000K, reserved 1091584K
  class space    used 4781K, capacity 5395K, committed 5504K, reserved 1048576K
}
Event: 545.395 GC heap before
{Heap before GC invocations=90 (full 7):
 PSYoungGen      total 870400K, used 870389K [0x000000076bb00000, 0x00000007c0000000, 0x00000007c0000000)
  eden space 460800K, 100% used [0x000000076bb00000,0x0000000787d00000,0x0000000787d00000)
  from space 409600K, 99% used [0x00000007a7000000,0x00000007bfffd4b8,0x00000007c0000000)
  to   space 460288K, 0% used [0x0000000787d00000,0x0000000787d00000,0x00000007a3e80000)
 ParOldGen       total 2763776K, used 2433633K [0x00000006c3000000, 0x000000076bb00000, 0x000000076bb00000)
  object space 2763776K, 88% used [0x00000006c3000000,0x00000007578987e8,0x000000076bb00000)
 Metaspace       used 45659K, capacity 47710K, committed 48000K, reserved 1091584K
  class space    used 4781K, capacity 5395K, committed 5504K, reserved 1048576K
Event: 549.226 GC heap after
Heap after GC invocations=90 (full 7):
 PSYoungGen      total 921088K, used 445493K [0x000000076bb00000, 0x00000007c0000000, 0x00000007c0000000)
  eden space 460800K, 0% used [0x000000076bb00000,0x000000076bb00000,0x0000000787d00000)
  from space 460288K, 96% used [0x0000000787d00000,0x00000007a300d638,0x00000007a3e80000)
  to   space 460288K, 0% used [0x00000007a3e80000,0x00000007a3e80000,0x00000007c0000000)
 ParOldGen       total 2763776K, used 2468988K [0x00000006c3000000, 0x000000076bb00000, 0x000000076bb00000)
  object space 2763776K, 89% used [0x00000006c3000000,0x0000000759b1f338,0x000000076bb00000)
 Metaspace       used 45659K, capacity 47710K, committed 48000K, reserved 1091584K
  class space    used 4781K, capacity 5395K, committed 5504K, reserved 1048576K
}

